[2025-08-29 16:41:56] [INFO] Khởi tạo AddCommand cho sản phẩm: 1 (brand: 1)
[2025-08-29 16:41:56] [INFO] Đã thêm sản phẩm thành công: W111 (số lượng: 10, giá bán: 10)
[2025-08-29 16:42:13] [INFO] Khởi tạo AddCommand cho sản phẩm: 2 (brand: 2)
[2025-08-29 16:42:13] [INFO] Đã thêm sản phẩm thành công: W221 (số lượng: 20, giá bán: 20)
[2025-08-29 16:42:28] [INFO] Khởi tạo ExportCommand: id=W111, amount=5
[2025-08-29 16:42:28] [INFO] Xuất kho thành công: id=W111, trừ=5, còn lại=5
[2025-08-29 16:42:28] [INFO] Khởi tạo ExportCommand: id=W221, amount=5
[2025-08-29 16:42:28] [INFO] Xuất kho thành công: id=W221, trừ=5, còn lại=15
[2025-08-29 17:18:09] [INFO] Khởi tạo ExportCommand: id=W111, amount=5
[2025-08-29 17:18:09] [INFO] Xuất kho thành công: id=W111, trừ=5, còn lại=5
[2025-08-29 17:18:09] [INFO] Khởi tạo ExportCommand: id=W221, amount=10
[2025-08-29 17:18:09] [INFO] Xuất kho thành công: id=W221, trừ=10, còn lại=10
[2025-08-29 17:18:46] [INFO] Khởi tạo ExportCommand: id=W111, amount=6
[2025-08-29 17:18:46] [INFO] Xuất kho thành công: id=W111, trừ=6, còn lại=4
[2025-08-29 17:18:46] [INFO] Khởi tạo ExportCommand: id=W221, amount=6
[2025-08-29 17:18:46] [INFO] Xuất kho thành công: id=W221, trừ=6, còn lại=14
[2025-08-29 17:26:55] [INFO] Khởi tạo ExportCommand: id=W111, amount=3
[2025-08-29 17:26:55] [INFO] Xuất kho thành công: id=W111, trừ=3, còn lại=7
[2025-08-29 17:26:55] [INFO] Khởi tạo ExportCommand: id=W221, amount=3
[2025-08-29 17:26:55] [INFO] Xuất kho thành công: id=W221, trừ=3, còn lại=17
[2025-08-29 18:11:43] [INFO] Khởi tạo ExportCommand: id=W111, amount=5
[2025-08-29 18:11:43] [INFO] Xuất kho thành công: id=W111, trừ=5, còn lại=5
[2025-08-29 18:11:43] [INFO] Khởi tạo ExportCommand: id=W221, amount=5
[2025-08-29 18:11:43] [INFO] Xuất kho thành công: id=W221, trừ=5, còn lại=15
[2025-08-29 18:16:33] [INFO] Khởi tạo ExportCommand: id=W111, amount=10
[2025-08-29 18:16:33] [INFO] Xuất kho thành công: id=W111, trừ=10, còn lại=5
[2025-08-29 18:16:33] [INFO] Khởi tạo ExportCommand: id=W221, amount=20
[2025-08-29 18:16:33] [INFO] Xuất kho thành công: id=W221, trừ=20, còn lại=5
[2025-08-29 18:16:53] [INFO] Khởi tạo EditCommand cho sản phẩm id=W111 (sẽ đổi thành id=W112)
[2025-08-29 18:16:53] [INFO] Chỉnh sửa sản phẩm id=W111 → tạo mới id=W112
[2025-08-29 18:16:53] [INFO] Đã chỉnh sửa sản phẩm thành công: id=W112, name=1, brand=1
[2025-08-29 18:18:04] [INFO] Khởi tạo ExportCommand: id=W112, amount=15
[2025-08-29 18:18:04] [INFO] Xuất kho thành công: id=W112, trừ=15, còn lại=0
[2025-08-29 18:18:04] [INFO] Khởi tạo ExportCommand: id=W221, amount=20
[2025-08-29 18:18:04] [INFO] Xuất kho thành công: id=W221, trừ=20, còn lại=5
[2025-08-29 18:22:08] [INFO] Khởi tạo ExportCommand: id=W112, amount=5
[2025-08-29 18:22:08] [INFO] Xuất kho thành công: id=W112, trừ=5, còn lại=10
[2025-08-29 18:22:08] [INFO] Khởi tạo ExportCommand: id=W221, amount=5
[2025-08-29 18:22:08] [INFO] Xuất kho thành công: id=W221, trừ=5, còn lại=20
